[Thu May 16 22:16:45 2013] [info] Listening at "http://172.17.17.17:3001".
[Thu May 16 22:17:05 2013] [debug] Your secret passphrase needs to be changed!!!
[Thu May 16 22:17:05 2013] [debug] GET "/perlpod".
[Thu May 16 22:17:05 2013] [debug] Template "not_found.development.html.ep" not found.
[Thu May 16 22:17:05 2013] [debug] Template "not_found.html.ep" not found.
[Thu May 16 22:17:05 2013] [debug] Rendering inline template.
[Thu May 16 22:17:05 2013] [debug] Rendering inline template.
[Thu May 16 22:17:05 2013] [debug] 404 Not Found (0.034419s, 29.054/s).
[Thu May 16 22:17:09 2013] [debug] GET "/".
[Thu May 16 22:17:09 2013] [debug] Routing to controller "Jemma::Example" and action "welcome".
[Thu May 16 22:17:09 2013] [debug] Rendering template "example/welcome.html.ep".
[Thu May 16 22:17:09 2013] [debug] Careful, "layout" is a reserved stash value.
[Thu May 16 22:17:09 2013] [debug] Rendering template "layouts/default.html.ep".
[Thu May 16 22:17:09 2013] [debug] 200 OK (0.031721s, 31.525/s).
[Thu May 16 22:17:38 2013] [debug] GET "/".
[Thu May 16 22:17:38 2013] [debug] Routing to controller "Jemma::Example" and action "welcome".
[Thu May 16 22:17:38 2013] [debug] Rendering cached template "example/welcome.html.ep".
[Thu May 16 22:17:38 2013] [debug] Careful, "layout" is a reserved stash value.
[Thu May 16 22:17:38 2013] [debug] Rendering cached template "layouts/default.html.ep".
[Thu May 16 22:17:38 2013] [debug] 200 OK (0.003327s, 300.571/s).
[Thu May 16 22:17:47 2013] [debug] GET "/".
[Thu May 16 22:17:47 2013] [debug] Routing to controller "Jemma::Example" and action "welcome".
[Thu May 16 22:17:47 2013] [debug] Rendering cached template "example/welcome.html.ep".
[Thu May 16 22:17:47 2013] [debug] Careful, "layout" is a reserved stash value.
[Thu May 16 22:17:47 2013] [debug] Rendering cached template "layouts/default.html.ep".
[Thu May 16 22:17:47 2013] [debug] 200 OK (0.004250s, 235.294/s).
[Thu May 16 22:17:55 2013] [debug] GET "/perldoc".
[Thu May 16 22:17:55 2013] [debug] Routing to a callback.
[Thu May 16 22:17:55 2013] [debug] Rendering inline template.
[Thu May 16 22:17:55 2013] [debug] Rendering inline template.
[Thu May 16 22:17:55 2013] [debug] 200 OK (0.124805s, 8.012/s).
[Thu May 16 22:23:41 2013] [info] Listening at "http://172.17.17.17:3001".
[Thu May 16 22:23:46 2013] [info] Listening at "http://172.17.17.17:3001".
[Thu May 16 22:23:51 2013] [debug] Your secret passphrase needs to be changed!!!
[Thu May 16 22:23:51 2013] [debug] GET "/".
[Thu May 16 22:23:51 2013] [debug] Routing to controller "Jemma::Example" and action "welcome".
[Thu May 16 22:23:51 2013] [debug] Rendering template "example/welcome.html.ep".
[Thu May 16 22:23:51 2013] [debug] Careful, "layout" is a reserved stash value.
[Thu May 16 22:23:51 2013] [debug] Rendering template "layouts/default.html.ep".
[Thu May 16 22:23:51 2013] [debug] 200 OK (0.033771s, 29.611/s).
[Thu May 16 22:23:56 2013] [debug] GET "/".
[Thu May 16 22:23:56 2013] [debug] Routing to controller "Jemma::Example" and action "welcome".
[Thu May 16 22:23:56 2013] [debug] Rendering cached template "example/welcome.html.ep".
[Thu May 16 22:23:56 2013] [debug] Careful, "layout" is a reserved stash value.
[Thu May 16 22:23:56 2013] [debug] Rendering cached template "layouts/default.html.ep".
[Thu May 16 22:23:56 2013] [debug] 200 OK (0.002589s, 386.250/s).
[Thu May 16 22:25:29 2013] [debug] GET "/".
[Thu May 16 22:25:29 2013] [debug] Routing to controller "Jemma::Example" and action "welcome".
[Thu May 16 22:25:29 2013] [debug] Rendering cached template "example/welcome.html.ep".
[Thu May 16 22:25:29 2013] [debug] Careful, "layout" is a reserved stash value.
[Thu May 16 22:25:29 2013] [debug] Rendering cached template "layouts/default.html.ep".
[Thu May 16 22:25:29 2013] [debug] 200 OK (0.004198s, 238.209/s).
[Thu May 16 22:26:06 2013] [info] Listening at "http://172.17.17.17:3001".
[Thu May 16 22:26:10 2013] [debug] Your secret passphrase needs to be changed!!!
[Thu May 16 22:26:10 2013] [debug] GET "/".
[Thu May 16 22:26:10 2013] [debug] Routing to controller "Jemma::Example" and action "welcome".
[Thu May 16 22:26:10 2013] [debug] Rendering template "example/welcome.html.ep".
[Thu May 16 22:26:10 2013] [debug] Careful, "layout" is a reserved stash value.
[Thu May 16 22:26:10 2013] [debug] Rendering template "layouts/default.html.ep".
[Thu May 16 22:26:10 2013] [debug] 200 OK (0.036988s, 27.036/s).
[Thu May 16 22:26:42 2013] [debug] GET "/".
[Thu May 16 22:26:42 2013] [debug] Routing to controller "Jemma::Example" and action "welcome".
[Thu May 16 22:26:42 2013] [debug] Rendering cached template "example/welcome.html.ep".
[Thu May 16 22:26:42 2013] [debug] Careful, "layout" is a reserved stash value.
[Thu May 16 22:26:42 2013] [debug] Rendering cached template "layouts/default.html.ep".
[Thu May 16 22:26:42 2013] [debug] 200 OK (0.004267s, 234.357/s).
[Thu May 16 22:26:51 2013] [debug] GET "/".
[Thu May 16 22:26:51 2013] [debug] Routing to controller "Jemma::Example" and action "welcome".
[Thu May 16 22:26:51 2013] [debug] Rendering cached template "example/welcome.html.ep".
[Thu May 16 22:26:51 2013] [debug] Careful, "layout" is a reserved stash value.
[Thu May 16 22:26:51 2013] [debug] Rendering cached template "layouts/default.html.ep".
[Thu May 16 22:26:51 2013] [debug] 200 OK (0.003193s, 313.185/s).
[Thu May 16 22:30:23 2013] [debug] GET "/chema".
[Thu May 16 22:30:23 2013] [debug] Template "not_found.development.html.ep" not found.
[Thu May 16 22:30:23 2013] [debug] Template "not_found.html.ep" not found.
[Thu May 16 22:30:23 2013] [debug] Rendering inline template.
[Thu May 16 22:30:23 2013] [debug] Rendering inline template.
[Thu May 16 22:30:23 2013] [debug] 404 Not Found (0.033449s, 29.896/s).
[Thu May 16 22:30:34 2013] [debug] GET "/schema".
[Thu May 16 22:30:34 2013] [debug] Template "not_found.development.html.ep" not found.
[Thu May 16 22:30:34 2013] [debug] Template "not_found.html.ep" not found.
[Thu May 16 22:30:34 2013] [debug] Rendering cached inline template.
[Thu May 16 22:30:34 2013] [debug] Rendering cached inline template.
[Thu May 16 22:30:34 2013] [debug] 404 Not Found (0.014140s, 70.721/s).
[Thu May 16 22:43:24 2013] [info] Listening at "http://172.17.17.17:3001".
[Thu May 16 22:43:29 2013] [debug] Your secret passphrase needs to be changed!!!
[Thu May 16 22:43:29 2013] [debug] GET "/schema".
[Thu May 16 22:43:29 2013] [debug] Template "not_found.development.html.ep" not found.
[Thu May 16 22:43:29 2013] [debug] Template "not_found.html.ep" not found.
[Thu May 16 22:43:29 2013] [debug] Rendering inline template.
[Thu May 16 22:43:29 2013] [debug] Rendering inline template.
[Thu May 16 22:43:29 2013] [debug] 404 Not Found (0.033712s, 29.663/s).
[Thu May 16 22:43:35 2013] [debug] GET "/source".
[Thu May 16 22:43:35 2013] [debug] Template "source.html.ep" not found.
[Thu May 16 22:43:35 2013] [debug] Template "not_found.development.html.ep" not found.
[Thu May 16 22:43:35 2013] [debug] Template "not_found.html.ep" not found.
[Thu May 16 22:43:35 2013] [debug] Rendering inline template.
[Thu May 16 22:43:35 2013] [debug] Rendering inline template.
[Thu May 16 22:43:35 2013] [debug] 404 Not Found (0.035348s, 28.290/s).
[Thu May 16 22:44:13 2013] [info] Listening at "http://172.17.17.17:3001".
[Thu May 16 22:44:15 2013] [debug] Your secret passphrase needs to be changed!!!
[Thu May 16 22:44:15 2013] [debug] GET "/source".
[Thu May 16 22:44:15 2013] [debug] Template "source.html.ep" not found.
[Thu May 16 22:44:15 2013] [debug] Template "not_found.development.html.ep" not found.
[Thu May 16 22:44:15 2013] [debug] Template "not_found.html.ep" not found.
[Thu May 16 22:44:15 2013] [debug] Rendering inline template.
[Thu May 16 22:44:15 2013] [debug] Rendering inline template.
[Thu May 16 22:44:15 2013] [debug] 404 Not Found (0.034836s, 28.706/s).
[Thu May 16 22:47:59 2013] [info] Listening at "http://172.17.17.17:3001".
[Thu May 16 22:48:04 2013] [debug] Your secret passphrase needs to be changed!!!
[Thu May 16 22:48:04 2013] [debug] GET "/source".
[Thu May 16 22:48:04 2013] [debug] Template "source.html.ep" not found.
[Thu May 16 22:48:04 2013] [debug] Template "not_found.development.html.ep" not found.
[Thu May 16 22:48:04 2013] [debug] Template "not_found.html.ep" not found.
[Thu May 16 22:48:04 2013] [debug] Rendering inline template.
[Thu May 16 22:48:04 2013] [debug] Rendering inline template.
[Thu May 16 22:48:04 2013] [debug] 404 Not Found (0.034700s, 28.818/s).
[Thu May 16 22:48:10 2013] [debug] GET "/test".
[Thu May 16 22:48:10 2013] [debug] Template "test.html.ep" not found.
[Thu May 16 22:48:10 2013] [debug] Template "not_found.development.html.ep" not found.
[Thu May 16 22:48:10 2013] [debug] Template "not_found.html.ep" not found.
[Thu May 16 22:48:10 2013] [debug] Rendering inline template.
[Thu May 16 22:48:10 2013] [debug] Rendering inline template.
[Thu May 16 22:48:10 2013] [debug] 404 Not Found (0.034904s, 28.650/s).
[Thu May 16 22:59:16 2013] [info] Listening at "http://172.17.17.17:3001".
[Thu May 16 22:59:20 2013] [debug] Your secret passphrase needs to be changed!!!
[Thu May 16 22:59:20 2013] [debug] GET "/test".
[Thu May 16 22:59:20 2013] [debug] Template "test.html.ep" not found.
[Thu May 16 22:59:20 2013] [debug] Template "not_found.development.html.ep" not found.
[Thu May 16 22:59:20 2013] [debug] Template "not_found.html.ep" not found.
[Thu May 16 22:59:20 2013] [debug] Rendering inline template.
[Thu May 16 22:59:20 2013] [debug] Rendering inline template.
[Thu May 16 22:59:20 2013] [debug] 404 Not Found (0.034615s, 28.889/s).
[Thu May 16 22:59:50 2013] [debug] Your secret passphrase needs to be changed!!!
[Thu May 16 22:59:50 2013] [debug] GET "/test".
[Thu May 16 22:59:50 2013] [debug] Template "test.html.ep" not found.
[Thu May 16 22:59:50 2013] [debug] Template "not_found.development.html.ep" not found.
[Thu May 16 22:59:50 2013] [debug] Template "not_found.html.ep" not found.
[Thu May 16 22:59:50 2013] [debug] Rendering inline template.
[Thu May 16 22:59:50 2013] [debug] Rendering inline template.
[Thu May 16 22:59:50 2013] [debug] 404 Not Found (0.035279s, 28.345/s).
[Thu May 16 23:00:16 2013] [debug] Your secret passphrase needs to be changed!!!
[Thu May 16 23:00:16 2013] [debug] GET "/test".
[Thu May 16 23:00:16 2013] [debug] Template "test.html.ep" not found.
[Thu May 16 23:00:16 2013] [debug] Template "not_found.development.html.ep" not found.
[Thu May 16 23:00:16 2013] [debug] Template "not_found.html.ep" not found.
[Thu May 16 23:00:16 2013] [debug] Rendering inline template.
[Thu May 16 23:00:16 2013] [debug] Rendering inline template.
[Thu May 16 23:00:16 2013] [debug] 404 Not Found (0.034571s, 28.926/s).
[Thu May 16 23:00:23 2013] [debug] GET "/".
[Thu May 16 23:00:23 2013] [debug] Template "not_found.development.html.ep" not found.
[Thu May 16 23:00:23 2013] [debug] Template "not_found.html.ep" not found.
[Thu May 16 23:00:23 2013] [debug] Rendering inline template.
[Thu May 16 23:00:23 2013] [debug] Rendering inline template.
[Thu May 16 23:00:23 2013] [debug] 404 Not Found (0.031502s, 31.744/s).
[Thu May 16 23:03:18 2013] [debug] GET "/source/boo".
[Thu May 16 23:03:18 2013] [debug] Template "not_found.development.html.ep" not found.
[Thu May 16 23:03:18 2013] [debug] Template "not_found.html.ep" not found.
[Thu May 16 23:03:18 2013] [debug] Rendering cached inline template.
[Thu May 16 23:03:18 2013] [debug] Rendering cached inline template.
[Thu May 16 23:03:18 2013] [debug] 404 Not Found (0.011734s, 85.222/s).
[Thu May 16 23:06:00 2013] [debug] GET "/".
[Thu May 16 23:06:00 2013] [debug] Template "not_found.development.html.ep" not found.
[Thu May 16 23:06:00 2013] [debug] Template "not_found.html.ep" not found.
[Thu May 16 23:06:00 2013] [debug] Rendering cached inline template.
[Thu May 16 23:06:00 2013] [debug] Rendering cached inline template.
[Thu May 16 23:06:00 2013] [debug] 404 Not Found (0.011735s, 85.215/s).
[Thu May 16 23:06:26 2013] [debug] Your secret passphrase needs to be changed!!!
[Thu May 16 23:06:26 2013] [debug] GET "/".
[Thu May 16 23:06:26 2013] [debug] Template "not_found.development.html.ep" not found.
[Thu May 16 23:06:26 2013] [debug] Template "not_found.html.ep" not found.
[Thu May 16 23:06:26 2013] [debug] Rendering inline template.
[Thu May 16 23:06:26 2013] [debug] Rendering inline template.
[Thu May 16 23:06:26 2013] [debug] 404 Not Found (0.034023s, 29.392/s).
[Thu May 16 23:06:34 2013] [debug] GET "/test2/boo".
[Thu May 16 23:06:34 2013] [debug] Template "test2boo.html.ep" not found.
[Thu May 16 23:06:34 2013] [debug] Template "not_found.development.html.ep" not found.
[Thu May 16 23:06:34 2013] [debug] Template "not_found.html.ep" not found.
[Thu May 16 23:06:34 2013] [debug] Rendering inline template.
[Thu May 16 23:06:34 2013] [debug] Rendering inline template.
[Thu May 16 23:06:34 2013] [debug] 404 Not Found (0.033732s, 29.645/s).
[Thu May 16 23:07:15 2013] [debug] Your secret passphrase needs to be changed!!!
[Thu May 16 23:07:15 2013] [debug] GET "/test2/boo".
[Thu May 16 23:07:15 2013] [debug] Template "test2boo.html.ep" not found.
[Thu May 16 23:07:15 2013] [debug] Template "not_found.development.html.ep" not found.
[Thu May 16 23:07:15 2013] [debug] Template "not_found.html.ep" not found.
[Thu May 16 23:07:15 2013] [debug] Rendering inline template.
[Thu May 16 23:07:15 2013] [debug] Rendering inline template.
[Thu May 16 23:07:15 2013] [debug] 404 Not Found (0.035760s, 27.964/s).
[Thu May 16 23:07:25 2013] [debug] GET "/source2".
[Thu May 16 23:07:25 2013] [debug] Template "source2.html.ep" not found.
[Thu May 16 23:07:25 2013] [debug] Template "not_found.development.html.ep" not found.
[Thu May 16 23:07:25 2013] [debug] Template "not_found.html.ep" not found.
[Thu May 16 23:07:25 2013] [debug] Rendering inline template.
[Thu May 16 23:07:25 2013] [debug] Rendering inline template.
[Thu May 16 23:07:25 2013] [debug] 404 Not Found (0.036912s, 27.091/s).
[Thu May 16 23:08:01 2013] [debug] Your secret passphrase needs to be changed!!!
[Thu May 16 23:08:01 2013] [debug] GET "/boo/ider".
[Thu May 16 23:08:01 2013] [debug] Template "idider.html.ep" not found.
[Thu May 16 23:08:01 2013] [debug] Template "not_found.development.html.ep" not found.
[Thu May 16 23:08:01 2013] [debug] Template "not_found.html.ep" not found.
[Thu May 16 23:08:01 2013] [debug] Rendering inline template.
[Thu May 16 23:08:01 2013] [debug] Rendering inline template.
[Thu May 16 23:08:01 2013] [debug] 404 Not Found (0.037344s, 26.778/s).
[Thu May 16 23:09:31 2013] [debug] Your secret passphrase needs to be changed!!!
[Thu May 16 23:09:31 2013] [debug] GET "/test".
[Thu May 16 23:09:31 2013] [debug] Template "test.html.ep" not found.
[Thu May 16 23:09:31 2013] [debug] Template "not_found.development.html.ep" not found.
[Thu May 16 23:09:31 2013] [debug] Template "not_found.html.ep" not found.
[Thu May 16 23:09:31 2013] [debug] Rendering inline template.
[Thu May 16 23:09:31 2013] [debug] Rendering inline template.
[Thu May 16 23:09:31 2013] [debug] 404 Not Found (0.034766s, 28.764/s).
[Thu May 16 23:09:33 2013] [debug] GET "/test".
[Thu May 16 23:09:33 2013] [debug] Template "test.html.ep" not found.
[Thu May 16 23:09:33 2013] [debug] Template "not_found.development.html.ep" not found.
[Thu May 16 23:09:33 2013] [debug] Template "not_found.html.ep" not found.
[Thu May 16 23:09:33 2013] [debug] Rendering cached inline template.
[Thu May 16 23:09:33 2013] [debug] Rendering cached inline template.
[Thu May 16 23:09:33 2013] [debug] 404 Not Found (0.011197s, 89.310/s).
[Fri May 17 09:25:29 2013] [info] Listening at "http://localhost:3001".
[Fri May 17 09:25:39 2013] [debug] Your secret passphrase needs to be changed!!!
[Fri May 17 09:25:39 2013] [debug] GET "/".
[Fri May 17 09:25:39 2013] [debug] Template "not_found.development.html.ep" not found.
[Fri May 17 09:25:39 2013] [debug] Template "not_found.html.ep" not found.
[Fri May 17 09:25:39 2013] [debug] Rendering inline template.
[Fri May 17 09:25:39 2013] [debug] Rendering inline template.
[Fri May 17 09:25:39 2013] [debug] 404 Not Found (0.036365s, 27.499/s).
[Fri May 17 09:26:11 2013] [info] Listening at "http://localhost:3001".
[Fri May 17 09:26:15 2013] [debug] Your secret passphrase needs to be changed!!!
[Fri May 17 09:26:15 2013] [debug] GET "/".
[Fri May 17 09:26:15 2013] [debug] Template "not_found.development.html.ep" not found.
[Fri May 17 09:26:15 2013] [debug] Template "not_found.html.ep" not found.
[Fri May 17 09:26:15 2013] [debug] Rendering inline template.
[Fri May 17 09:26:15 2013] [debug] Rendering inline template.
[Fri May 17 09:26:15 2013] [debug] 404 Not Found (0.038313s, 26.101/s).
[Fri May 17 09:27:00 2013] [debug] GET "/test".
[Fri May 17 09:27:00 2013] [debug] Template "test.html.ep" not found.
[Fri May 17 09:27:00 2013] [debug] Template "not_found.development.html.ep" not found.
[Fri May 17 09:27:00 2013] [debug] Template "not_found.html.ep" not found.
[Fri May 17 09:27:00 2013] [debug] Rendering inline template.
[Fri May 17 09:27:00 2013] [debug] Rendering inline template.
[Fri May 17 09:27:00 2013] [debug] 404 Not Found (0.034035s, 29.382/s).
[Fri May 17 09:33:38 2013] [info] Listening at "http://localhost:3001".
[Fri May 17 09:33:42 2013] [debug] Your secret passphrase needs to be changed!!!
[Fri May 17 09:33:42 2013] [debug] GET "/a/b/c".
[Fri May 17 09:33:42 2013] [debug] Template "not_found.development.html.ep" not found.
[Fri May 17 09:33:42 2013] [debug] Template "not_found.html.ep" not found.
[Fri May 17 09:33:42 2013] [debug] Rendering inline template.
[Fri May 17 09:33:42 2013] [debug] Rendering inline template.
[Fri May 17 09:33:42 2013] [debug] 404 Not Found (0.035995s, 27.782/s).
[Fri May 17 09:33:49 2013] [debug] GET "/source".
[Fri May 17 09:33:49 2013] [debug] Controller "Jemma::Jemma" does not exist.
[Fri May 17 09:33:49 2013] [debug] Template "jemma/source.html.ep" not found.
[Fri May 17 09:33:49 2013] [debug] Template "not_found.development.html.ep" not found.
[Fri May 17 09:33:49 2013] [debug] Template "not_found.html.ep" not found.
[Fri May 17 09:33:49 2013] [debug] Rendering inline template.
[Fri May 17 09:33:49 2013] [debug] Rendering inline template.
[Fri May 17 09:33:49 2013] [debug] 404 Not Found (0.102263s, 9.779/s).
[Fri May 17 09:35:27 2013] [debug] Your secret passphrase needs to be changed!!!
[Fri May 17 09:35:27 2013] [debug] GET "/source".
[Fri May 17 09:35:27 2013] [debug] Template "source.html.ep" not found.
[Fri May 17 09:35:27 2013] [debug] Template "not_found.development.html.ep" not found.
[Fri May 17 09:35:27 2013] [debug] Template "not_found.html.ep" not found.
[Fri May 17 09:35:27 2013] [debug] Rendering inline template.
[Fri May 17 09:35:27 2013] [debug] Rendering inline template.
[Fri May 17 09:35:27 2013] [debug] 404 Not Found (0.037247s, 26.848/s).
[Fri May 17 09:36:38 2013] [debug] Your secret passphrase needs to be changed!!!
[Fri May 17 09:36:38 2013] [debug] GET "/source".
[Fri May 17 09:36:38 2013] [debug] Template "source.html.ep" not found.
[Fri May 17 09:36:38 2013] [debug] Template "not_found.development.html.ep" not found.
[Fri May 17 09:36:38 2013] [debug] Template "not_found.html.ep" not found.
[Fri May 17 09:36:38 2013] [debug] Rendering inline template.
[Fri May 17 09:36:38 2013] [debug] Rendering inline template.
[Fri May 17 09:36:38 2013] [debug] 404 Not Found (0.037176s, 26.899/s).
[Fri May 17 09:36:53 2013] [debug] Your secret passphrase needs to be changed!!!
[Fri May 17 09:36:53 2013] [debug] GET "/source".
[Fri May 17 09:36:53 2013] [debug] Template "source.html.ep" not found.
[Fri May 17 09:36:53 2013] [debug] Template "not_found.development.html.ep" not found.
[Fri May 17 09:36:53 2013] [debug] Template "not_found.html.ep" not found.
[Fri May 17 09:36:53 2013] [debug] Rendering inline template.
[Fri May 17 09:36:53 2013] [debug] Rendering inline template.
[Fri May 17 09:36:53 2013] [debug] 404 Not Found (0.034745s, 28.781/s).
[Fri May 17 09:37:50 2013] [debug] Your secret passphrase needs to be changed!!!
[Fri May 17 09:37:50 2013] [debug] GET "/source".
[Fri May 17 09:37:50 2013] [debug] Template "source.html.ep" not found.
[Fri May 17 09:37:50 2013] [debug] Template "not_found.development.html.ep" not found.
[Fri May 17 09:37:50 2013] [debug] Template "not_found.html.ep" not found.
[Fri May 17 09:37:50 2013] [debug] Rendering inline template.
[Fri May 17 09:37:50 2013] [debug] Rendering inline template.
[Fri May 17 09:37:50 2013] [debug] 404 Not Found (0.036454s, 27.432/s).
[Fri May 17 09:37:56 2013] [debug] GET "/source".
[Fri May 17 09:37:56 2013] [debug] Template "source.html.ep" not found.
[Fri May 17 09:37:56 2013] [debug] Template "not_found.development.html.ep" not found.
[Fri May 17 09:37:56 2013] [debug] Template "not_found.html.ep" not found.
[Fri May 17 09:37:56 2013] [debug] Rendering cached inline template.
[Fri May 17 09:37:56 2013] [debug] Rendering cached inline template.
[Fri May 17 09:37:56 2013] [debug] 404 Not Found (0.016772s, 59.623/s).
[Fri May 17 09:42:14 2013] [debug] Your secret passphrase needs to be changed!!!
[Fri May 17 09:42:14 2013] [debug] GET "/source".
[Fri May 17 09:42:14 2013] [debug] Rendering template "source.html.ep".
[Fri May 17 09:42:14 2013] [debug] 200 OK (0.006684s, 149.611/s).
[Fri May 17 09:43:45 2013] [debug] Your secret passphrase needs to be changed!!!
[Fri May 17 09:43:45 2013] [debug] GET "/source".
[Fri May 17 09:43:45 2013] [debug] Rendering template "source.html.ep".
[Fri May 17 09:43:45 2013] [error] Bareword "schema" not allowed while "strict subs" in use at template source.html.ep line 2.
1: <h1>Boo</h1>
2: <%= schema %>

[Fri May 17 09:43:45 2013] [debug] Template "exception.development.html.ep" not found.
[Fri May 17 09:43:45 2013] [debug] Template "exception.html.ep" not found.
[Fri May 17 09:43:45 2013] [debug] Rendering inline template.
[Fri May 17 09:43:45 2013] [debug] Rendering inline template.
[Fri May 17 09:43:45 2013] [debug] 500 Internal Server Error (0.076024s, 13.154/s).
[Fri May 17 09:44:09 2013] [debug] Your secret passphrase needs to be changed!!!
[Fri May 17 09:44:09 2013] [debug] GET "/source".
[Fri May 17 09:44:09 2013] [debug] Rendering template "source.html.ep".
[Fri May 17 09:44:09 2013] [error] Global symbol "$schema" requires explicit package name at template source.html.ep line 2.
1: <h1>Boo</h1>
2: <%= $schema %>

[Fri May 17 09:44:09 2013] [debug] Template "exception.development.html.ep" not found.
[Fri May 17 09:44:09 2013] [debug] Template "exception.html.ep" not found.
[Fri May 17 09:44:09 2013] [debug] Rendering inline template.
[Fri May 17 09:44:09 2013] [debug] Rendering inline template.
[Fri May 17 09:44:09 2013] [debug] 500 Internal Server Error (0.075252s, 13.289/s).
[Fri May 17 09:45:00 2013] [debug] Your secret passphrase needs to be changed!!!
[Fri May 17 09:45:00 2013] [debug] GET "/source".
[Fri May 17 09:45:00 2013] [debug] Rendering template "source.html.ep".
[Fri May 17 09:45:00 2013] [error] Global symbol "$schema" requires explicit package name at template source.html.ep line 2.
1: <h1>Boo</h1>
2: <%= $schema %>

[Fri May 17 09:45:00 2013] [debug] Template "exception.development.html.ep" not found.
[Fri May 17 09:45:00 2013] [debug] Template "exception.html.ep" not found.
[Fri May 17 09:45:00 2013] [debug] Rendering inline template.
[Fri May 17 09:45:00 2013] [debug] Rendering inline template.
[Fri May 17 09:45:00 2013] [debug] 500 Internal Server Error (0.075333s, 13.274/s).
[Fri May 17 09:45:18 2013] [debug] Your secret passphrase needs to be changed!!!
[Fri May 17 09:45:18 2013] [debug] GET "/source".
[Fri May 17 09:45:18 2013] [debug] Rendering template "source.html.ep".
[Fri May 17 09:45:18 2013] [error] Global symbol "$data" requires explicit package name at template source.html.ep line 2.
1: <h1>Boo</h1>
2: <%= $data %>

[Fri May 17 09:45:18 2013] [debug] Template "exception.development.html.ep" not found.
[Fri May 17 09:45:18 2013] [debug] Template "exception.html.ep" not found.
[Fri May 17 09:45:18 2013] [debug] Rendering inline template.
[Fri May 17 09:45:18 2013] [debug] Rendering inline template.
[Fri May 17 09:45:18 2013] [debug] 500 Internal Server Error (0.075556s, 13.235/s).
[Fri May 17 09:46:42 2013] [debug] Your secret passphrase needs to be changed!!!
[Fri May 17 09:46:42 2013] [debug] GET "/source".
[Fri May 17 09:46:42 2013] [debug] Rendering template "source.html.ep".
[Fri May 17 09:46:42 2013] [debug] 200 OK (0.031990s, 31.260/s).
[Fri May 17 09:47:02 2013] [debug] Your secret passphrase needs to be changed!!!
[Fri May 17 09:47:02 2013] [debug] GET "/source".
[Fri May 17 09:47:02 2013] [debug] Rendering template "source.html.ep".
[Fri May 17 09:47:02 2013] [error] Global symbol "$data" requires explicit package name at template source.html.ep line 2.
1: <h1>Boo</h1>
2: <%= $data %>
3: <%= $self %>

[Fri May 17 09:47:02 2013] [debug] Template "exception.development.html.ep" not found.
[Fri May 17 09:47:02 2013] [debug] Template "exception.html.ep" not found.
[Fri May 17 09:47:02 2013] [debug] Rendering inline template.
[Fri May 17 09:47:02 2013] [debug] Rendering inline template.
[Fri May 17 09:47:02 2013] [debug] 500 Internal Server Error (0.074096s, 13.496/s).
[Fri May 17 09:47:42 2013] [debug] Your secret passphrase needs to be changed!!!
[Fri May 17 09:47:42 2013] [debug] GET "/source".
[Fri May 17 09:47:42 2013] [debug] Rendering template "source.html.ep".
[Fri May 17 09:47:42 2013] [error] Global symbol "$data" requires explicit package name at template source.html.ep line 2.
1: <h1>Boo</h1>
2: <%= $data %>
3: <%= $self %>

[Fri May 17 09:47:42 2013] [debug] Template "exception.development.html.ep" not found.
[Fri May 17 09:47:42 2013] [debug] Template "exception.html.ep" not found.
[Fri May 17 09:47:42 2013] [debug] Rendering inline template.
[Fri May 17 09:47:42 2013] [debug] Rendering inline template.
[Fri May 17 09:47:42 2013] [debug] 500 Internal Server Error (0.077052s, 12.978/s).
[Fri May 17 09:54:40 2013] [debug] Your secret passphrase needs to be changed!!!
[Fri May 17 09:54:40 2013] [debug] GET "/source".
[Fri May 17 09:54:40 2013] [debug] Rendering template "source.html.ep".
[Fri May 17 09:54:40 2013] [error] Global symbol "$data" requires explicit package name at template source.html.ep line 2.
1: <h1>Boo</h1>
2: <%= $data %>
3: <%= $self %>

[Fri May 17 09:54:40 2013] [debug] Template "exception.development.html.ep" not found.
[Fri May 17 09:54:40 2013] [debug] Template "exception.html.ep" not found.
[Fri May 17 09:54:40 2013] [debug] Rendering inline template.
[Fri May 17 09:54:40 2013] [debug] Rendering inline template.
[Fri May 17 09:54:40 2013] [debug] 500 Internal Server Error (0.074017s, 13.510/s).
[Fri May 17 09:54:55 2013] [debug] Your secret passphrase needs to be changed!!!
[Fri May 17 09:54:55 2013] [debug] GET "/source".
[Fri May 17 09:54:55 2013] [debug] Rendering template "source.html.ep".
[Fri May 17 09:54:55 2013] [error] Global symbol "$Jemma" requires explicit package name at template source.html.ep line 2.
1: <h1>Boo</h1>
2: <%= $Jemma.data %>
3: <%= $self %>

[Fri May 17 09:54:55 2013] [debug] Template "exception.development.html.ep" not found.
[Fri May 17 09:54:55 2013] [debug] Template "exception.html.ep" not found.
[Fri May 17 09:54:55 2013] [debug] Rendering inline template.
[Fri May 17 09:54:55 2013] [debug] Rendering inline template.
[Fri May 17 09:54:55 2013] [debug] 500 Internal Server Error (0.074040s, 13.506/s).
[Fri May 17 09:55:25 2013] [debug] Your secret passphrase needs to be changed!!!
[Fri May 17 09:55:25 2013] [debug] GET "/source".
[Fri May 17 09:55:25 2013] [debug] Rendering template "source.html.ep".
[Fri May 17 09:55:25 2013] [error] Global symbol "$x" requires explicit package name at template source.html.ep line 2.
1: <h1>Boo</h1>
2: <%= $x %>
3: <%= $self %>

[Fri May 17 09:55:25 2013] [debug] Template "exception.development.html.ep" not found.
[Fri May 17 09:55:25 2013] [debug] Template "exception.html.ep" not found.
[Fri May 17 09:55:25 2013] [debug] Rendering inline template.
[Fri May 17 09:55:25 2013] [debug] Rendering inline template.
[Fri May 17 09:55:25 2013] [debug] 500 Internal Server Error (0.073774s, 13.555/s).
[Fri May 17 09:55:35 2013] [debug] Your secret passphrase needs to be changed!!!
[Fri May 17 09:55:35 2013] [debug] GET "/source".
[Fri May 17 09:55:35 2013] [debug] Rendering template "source.html.ep".
[Fri May 17 09:55:35 2013] [error] Global symbol "$x" requires explicit package name at template source.html.ep line 2.
1: <h1>Boo</h1>
2: <%= $x %>
3: <%= $self %>

[Fri May 17 09:55:35 2013] [debug] Template "exception.development.html.ep" not found.
[Fri May 17 09:55:35 2013] [debug] Template "exception.html.ep" not found.
[Fri May 17 09:55:35 2013] [debug] Rendering inline template.
[Fri May 17 09:55:35 2013] [debug] Rendering inline template.
[Fri May 17 09:55:35 2013] [debug] 500 Internal Server Error (0.076768s, 13.026/s).
[Fri May 17 09:56:16 2013] [debug] Your secret passphrase needs to be changed!!!
[Fri May 17 09:56:16 2013] [debug] GET "/source".
[Fri May 17 09:56:16 2013] [debug] Rendering template "source.html.ep".
[Fri May 17 09:56:16 2013] [error] Global symbol "$x" requires explicit package name at template source.html.ep line 2.
1: <h1>Boo</h1>
2: <%= $x %>
3: <%= $self %>

[Fri May 17 09:56:16 2013] [debug] Template "exception.development.html.ep" not found.
[Fri May 17 09:56:16 2013] [debug] Template "exception.html.ep" not found.
[Fri May 17 09:56:16 2013] [debug] Rendering inline template.
[Fri May 17 09:56:16 2013] [debug] Rendering inline template.
[Fri May 17 09:56:16 2013] [debug] 500 Internal Server Error (0.074352s, 13.450/s).
[Fri May 17 09:56:17 2013] [debug] GET "/source".
[Fri May 17 09:56:17 2013] [debug] Rendering template "source.html.ep".
[Fri May 17 09:56:17 2013] [error] Global symbol "$x" requires explicit package name at template source.html.ep line 2.
1: <h1>Boo</h1>
2: <%= $x %>
3: <%= $self %>

[Fri May 17 09:56:17 2013] [debug] Template "exception.development.html.ep" not found.
[Fri May 17 09:56:17 2013] [debug] Template "exception.html.ep" not found.
[Fri May 17 09:56:17 2013] [debug] Rendering cached inline template.
[Fri May 17 09:56:17 2013] [debug] Rendering cached inline template.
[Fri May 17 09:56:17 2013] [debug] 500 Internal Server Error (0.024384s, 41.010/s).
[Fri May 17 09:56:29 2013] [debug] Your secret passphrase needs to be changed!!!
[Fri May 17 09:56:29 2013] [debug] GET "/source".
[Fri May 17 09:56:29 2013] [debug] Rendering template "source.html.ep".
[Fri May 17 09:56:29 2013] [debug] 200 OK (0.029532s, 33.862/s).
[Fri May 17 09:57:07 2013] [debug] Your secret passphrase needs to be changed!!!
[Fri May 17 09:57:07 2013] [debug] GET "/source".
[Fri May 17 09:57:07 2013] [debug] Rendering template "source.html.ep".
[Fri May 17 09:57:07 2013] [error] Global symbol "$x" requires explicit package name at template source.html.ep line 2.
1: <h1>Boo</h1>
2: <%= $x %>
3: <%= $self %>

[Fri May 17 09:57:07 2013] [debug] Template "exception.development.html.ep" not found.
[Fri May 17 09:57:07 2013] [debug] Template "exception.html.ep" not found.
[Fri May 17 09:57:07 2013] [debug] Rendering inline template.
[Fri May 17 09:57:07 2013] [debug] Rendering inline template.
[Fri May 17 09:57:07 2013] [debug] 500 Internal Server Error (0.074759s, 13.376/s).
[Fri May 17 09:57:41 2013] [debug] Your secret passphrase needs to be changed!!!
[Fri May 17 09:57:41 2013] [debug] GET "/source".
[Fri May 17 09:57:41 2013] [debug] Rendering template "source.html.ep".
[Fri May 17 09:57:41 2013] [error] Global symbol "$x" requires explicit package name at template source.html.ep line 2.
1: <h1>Boo</h1>
2: <%= $x %>
3: <%= $self %>

[Fri May 17 09:57:41 2013] [debug] Template "exception.development.html.ep" not found.
[Fri May 17 09:57:41 2013] [debug] Template "exception.html.ep" not found.
[Fri May 17 09:57:41 2013] [debug] Rendering inline template.
[Fri May 17 09:57:41 2013] [debug] Rendering inline template.
[Fri May 17 09:57:41 2013] [debug] 500 Internal Server Error (0.075812s, 13.191/s).
[Fri May 17 09:58:04 2013] [debug] Your secret passphrase needs to be changed!!!
[Fri May 17 09:58:04 2013] [debug] GET "/source".
[Fri May 17 09:58:04 2013] [debug] Rendering template "source.html.ep".
[Fri May 17 09:58:04 2013] [debug] 200 OK (0.026924s, 37.142/s).
[Fri May 17 09:58:34 2013] [debug] Your secret passphrase needs to be changed!!!
[Fri May 17 09:58:34 2013] [debug] GET "/source".
[Fri May 17 09:58:34 2013] [debug] Rendering template "source.html.ep".
[Fri May 17 09:58:34 2013] [debug] 200 OK (0.028919s, 34.579/s).
[Fri May 17 09:58:57 2013] [debug] Your secret passphrase needs to be changed!!!
[Fri May 17 09:58:57 2013] [debug] GET "/source".
[Fri May 17 09:58:57 2013] [debug] Rendering template "source.html.ep".
[Fri May 17 09:58:58 2013] [debug] 200 OK (0.029523s, 33.872/s).
[Fri May 17 09:59:02 2013] [debug] GET "/source".
[Fri May 17 09:59:02 2013] [debug] Rendering cached template "source.html.ep".
[Fri May 17 09:59:02 2013] [debug] 200 OK (0.001794s, 557.414/s).
[Fri May 17 09:59:23 2013] [debug] GET "/sourcex".
[Fri May 17 09:59:23 2013] [debug] Template "not_found.development.html.ep" not found.
[Fri May 17 09:59:23 2013] [debug] Template "not_found.html.ep" not found.
[Fri May 17 09:59:23 2013] [debug] Rendering inline template.
[Fri May 17 09:59:23 2013] [debug] Rendering inline template.
[Fri May 17 09:59:23 2013] [debug] 404 Not Found (0.037961s, 26.343/s).
